{"numTotalTestSuites":8,"numPassedTestSuites":6,"numFailedTestSuites":2,"numPendingTestSuites":0,"numTotalTests":9,"numPassedTests":8,"numFailedTests":1,"numPendingTests":0,"numTodoTests":0,"snapshot":{"added":0,"failure":false,"filesAdded":0,"filesRemoved":0,"filesRemovedList":[],"filesUnmatched":0,"filesUpdated":0,"matched":0,"total":0,"unchecked":0,"uncheckedKeysByFile":[],"unmatched":0,"updated":0,"didUpdate":false},"startTime":1775535840510,"success":false,"testResults":[{"assertionResults":[{"ancestorTitles":["Phase 2 & 6: Functional & Boundary Conditions"],"fullName":"Phase 2 & 6: Functional & Boundary Conditions should calculate valid progress constraints","status":"passed","title":"should calculate valid progress constraints","duration":0.9574999999999818,"failureMessages":[],"meta":{},"tags":[]},{"ancestorTitles":["Phase 3: UI & User Flow Testing"],"fullName":"Phase 3: UI & User Flow Testing renders an active GoalCard correctly and handles deposits","status":"passed","title":"renders an active GoalCard correctly and handles deposits","duration":46.30939999999987,"failureMessages":[],"meta":{},"tags":[]},{"ancestorTitles":["Phase 3: UI & User Flow Testing"],"fullName":"Phase 3: UI & User Flow Testing renders completed state properly and shows claim button","status":"failed","title":"renders completed state properly and shows claim button","duration":10.458399999999983,"failureMessages":["TestingLibraryElementError: Found multiple elements with the text: /Claim/i\n\nHere are the matching elements:\n\nIgnored nodes: comments, script, style\n\u001b[36m<div\u001b[39m\n  \u001b[33mclass\u001b[39m=\u001b[32m\"goal-card-status-pill complete\"\u001b[39m\n\u001b[36m>\u001b[39m\n  \u001b[0mΓ£à Ready to claim\u001b[0m\n\u001b[36m</div>\u001b[39m\n\nIgnored nodes: comments, script, style\n\u001b[36m<span>\u001b[39m\n  \u001b[0mGoal complete! Claim your reward.\u001b[0m\n\u001b[36m</span>\u001b[39m\n\nIgnored nodes: comments, script, style\n\u001b[36m<button\u001b[39m\n  \u001b[33mclass\u001b[39m=\u001b[32m\"btn btn-primary goal-card-action-btn complete-btn\"\u001b[39m\n\u001b[36m>\u001b[39m\n  \u001b[0m≡ƒ¢ì Claim \u001b[0m\n  \u001b[0mΓé╣5,000\u001b[0m\n  \u001b[0m reward ΓåÆ\u001b[0m\n\u001b[36m</button>\u001b[39m\n\n(If this is intentional, then use the `*AllBy*` variant of the query (like `queryAllByText`, `getAllByText`, or `findAllByText`)).\n\nIgnored nodes: comments, script, style\n\u001b[36m<body>\u001b[39m\n  \u001b[36m<div>\u001b[39m\n    \u001b[36m<div\u001b[39m\n      \u001b[33mclass\u001b[39m=\u001b[32m\"goal-card goal-card--complete \"\u001b[39m\n    \u001b[36m>\u001b[39m\n      \u001b[36m<a\u001b[39m\n        \u001b[33mclass\u001b[39m=\u001b[32m\"goal-card-link\"\u001b[39m\n        \u001b[33mhref\u001b[39m=\u001b[32m\"/goal/g2\"\u001b[39m\n      \u001b[36m>\u001b[39m\n        \u001b[36m<div\u001b[39m\n          \u001b[33mclass\u001b[39m=\u001b[32m\"goal-card-header\"\u001b[39m\n          \u001b[33mstyle\u001b[39m=\u001b[32m\"--product-color: #0077FF;\"\u001b[39m\n        \u001b[36m>\u001b[39m\n          \u001b[36m<div\u001b[39m\n            \u001b[33mclass\u001b[39m=\u001b[32m\"goal-card-emoji-bubble\"\u001b[39m\n          \u001b[36m>\u001b[39m\n            \u001b[36m<span\u001b[39m\n              \u001b[33mclass\u001b[39m=\u001b[32m\"goal-card-emoji\"\u001b[39m\n            \u001b[36m>\u001b[39m\n              \u001b[0m≡ƒÆ╗\u001b[0m\n            \u001b[36m</span>\u001b[39m\n          \u001b[36m</div>\u001b[39m\n          \u001b[36m<div\u001b[39m\n            \u001b[33mclass\u001b[39m=\u001b[32m\"goal-card-header-info\"\u001b[39m\n          \u001b[36m>\u001b[39m\n            \u001b[36m<div\u001b[39m\n              \u001b[33mclass\u001b[39m=\u001b[32m\"goal-card-name\"\u001b[39m\n            \u001b[36m>\u001b[39m\n              \u001b[0mMacBook\u001b[0m\n            \u001b[36m</div>\u001b[39m\n          \u001b[36m</div>\u001b[39m\n          \u001b[36m<div\u001b[39m\n            \u001b[33mclass\u001b[39m=\u001b[32m\"goal-card-status-pill complete\"\u001b[39m\n          \u001b[36m>\u001b[39m\n            \u001b[0mΓ£à Ready to claim\u001b[0m\n          \u001b[36m</div>\u001b[39m\n        \u001b[36m</div>\u001b[39m\n        \u001b[36m<div\u001b[39m\n          \u001b[33mclass\u001b[39m=\u001b[32m\"goal-card-motivation\"\u001b[39m\n        \u001b[36m>\u001b[39m\n          \u001b[36m<span\u001b[39m\n            \u001b[33mclass\u001b[39m=\u001b[32m\"motivation-emoji\"\u001b[39m\n          \u001b[36m>\u001b[39m\n            \u001b[0m≡ƒÄë\u001b[0m\n          \u001b[36m</span>\u001b[39m\n          \u001b[36m<span>\u001b[39m\n            \u001b[0mGoal complete! Claim your reward.\u001b[0m\n          \u001b[36m</span>\u001b[39m\n        \u001b[36m</div>\u001b[39m\n        \u001b[36m<div\u001b[39m\n          \u001b[33mclass\u001b[39m=\u001b[32m\"goal-card-progress-wrap\"\u001b[39m\n        \u001b[36m>\u001b[39m\n          \u001b[36m<div\u001b[39m\n            \u001b[33mclass\u001b[39m=\u001b[32m\"goal-card-progress-track\"\u001b[39m\n          \u001b[36m>\u001b[39m\n            \u001b[36m<div\u001b[39m\n              \u001b[33mclass\u001b[39m=\u001b[32m\"goal-card-progress-fill\"\u001b[39m\n              \u001b[33mstyle\u001b[39m=\u001b[32m\"width: 100%;\"\u001b[39m\n            \u001b[36m/>\u001b[39m\n          \u001b[36m</div>\u001b[39m\n          \u001b[36m<div\u001b[39m\n            \u001b[33mclass\u001b[39m=\u001b[32m\"goal-card-progress-row\"\u001b[39m\n          \u001b[36m>\u001b[39m\n            \u001b[36m<span\u001b[39m\n              \u001b[33mclass\u001b[39m=\u001b[32m\"goal-card-saved\"\u001b[39m\n            \u001b[36m>\u001b[39m\n              \u001b[0mΓé╣1,00,000\u001b[0m\n            \u001b[36m</span>\u001b[39m\n            \u001b[36m<span\u001b[39m\n              \u001b[33mclass\u001b[39m=\u001b[32m\"goal-card-pct\"\u001b[39m\n            \u001b[36m>\u001b[39m\n              \u001b[0m100\u001b[0m\n              \u001b[0m%\u001b[0m\n            \u001b[36m</span>\u001b[39m\n            \u001b[36m<span\u001b[39m\n              \u001b[33mclass\u001b[39m=\u001b[32m\"goal-card-target\"\u001b[39m\n            \u001b[36m>\u001b[39m\n              \u001b[0mΓé╣1,00,000\u001b[0m\n            \u001b[36m</span>\u001b[39m\n          \u001b[36m</div>\u001b[39m\n        \u001b[36m</div>\u001b[39m\n        \u001b[36m<div\u001b[39m\n          \u001b[33mclass\u001b[39m=\u001b[32m\"goal-card-stats\"\u001b[39m\n        \u001b[36m>\u001b[39m\n          \u001b[36m<div\u001b[39m\n            \u001b[33mclass\u001b[39m=\u001b[32m\"goal-card-stat\"\u001b[39m\n          \u001b[36m>\u001b[39m\n            \u001b[36m<span\u001b[39m\n              \u001b[33mclass\u001b[39m=\u001b[32m\"stat-val\"\u001b[39m\n            \u001b[36m>\u001b[39m\n              \u001b[0mΓé╣10,000\u001b[0m\n            \u001b[36m</span>\u001b[39m\n            \u001b[36m<span\u001b[39m\n              \u001b[33mclass\u001b[39m=\u001b[32m\"stat-lbl\"\u001b[39m\n            \u001b[36m>\u001b[39m\n              \u001b[0m/month\u001b[0m\n            \u001b[36m</span>\u001b[39m\n          \u001b[36m</div>\u001b[39m\n          \u001b[36m<div\u001b[39m\n            \u001b[33mclass\u001b[39m=\u001b[32m\"goal-card-stat-divider\"\u001b[39m\n          \u001b[36m/>\u001b[39m\n          \u001b[36m<div\u001b[39m\n            \u001b[33mclass\u001b[39m=\u001b[32m\"goal-card-stat\"\u001b[39m\n          \u001b[36m>\u001b[39m\n            \u001b[36m<span\u001b[39m\n              \u001b[33mclass\u001b[39m=\u001b[32m\"stat-val\"\u001b[39m\n            \u001b[36m>\u001b[39m\n              \u001b[0m5\u001b[0m\n              \u001b[0m%\u001b[0m\n            \u001b[36m</span>\u001b[39m\n            \u001b[36m<span\u001b[39m\n              \u001b[33mclass\u001b[39m=\u001b[32m\"stat-lbl\"\u001b[39m\n            \u001b[36m>\u001b[39m\n              \u001b[0mcashback\u001b[0m\n            \u001b[36m</span>\u001b[39m\n          \u001b[36m</div>\u001b[39m\n          \u001b[36m<div\u001b[39m\n            \u001b[33mclass\u001b[39m=\u001b[32m\"goal-card-stat-divider\"\u001b[39m\n          \u001b[36m/>\u001b[39m\n          \u001b[36m<div\u001b[39m\n            \u001b[33mclass\u001b[39m=\u001b[32m\"goal-card-stat\"\u001b[39m\n          \u001b[36m>\u001b[39m\n            \u001b[36m<span\u001b[39m\n              \u001b[33mclass\u001b[39m=\u001b[32m\"stat-val\"\u001b[39m\n            \u001b[36m>\u001b[39m\n              \u001b[0m0\u001b[0m\n            \u001b[36m</span>\u001b[39m\n            \u001b[36m<span\u001b[39m\n              \u001b[33mclass\u001b[39m=\u001b[32m\"stat-lbl\"\u001b[39m\n            \u001b[36m>\u001b[39m\n              \u001b[0mmonths left\u001b[0m\n            \u001b[36m</span>\u001b[39m\n          \u001b[36m</div>\u001b[39m\n        \u001b[36m</div>\u001b[39m\n      \u001b[36m</a>\u001b[39m\n      \u001b[36m<div\u001b[39m\n        \u001b[33mclass\u001b[39m=\u001b[32m\"goal-card-footer\"\u001b[39m\n      \u001b[36m>\u001b[39m\n        \u001b[36m<button\u001b[39m\n          \u001b[33mclass\u001b[39m=\u001b[32m\"btn btn-primary goal-card-action-btn complete-btn\"\u001b[39m\n        \u001b[36m>\u001b[39m\n          \u001b[0m≡ƒ¢ì Claim \u001b[0m\n          \u001b[0mΓé╣5,000\u001b[0m\n          \u001b[0m reward ΓåÆ\u001b[0m\n        \u001b[36m</button>\u001b[39m\n      \u001b[36m</div>\u001b[39m\n    \u001b[36m</div>\u001b[39m\n  \u001b[36m</div>\u001b[39m\n\u001b[36m</body>\u001b[39m\n    at Object.getElementError (C:\\Users\\Mayank-Pc\\Downloads\\Sooner\\node_modules\\@testing-library\\dom\\dist\\config.js:37:19)\n    at getElementError (C:\\Users\\Mayank-Pc\\Downloads\\Sooner\\node_modules\\@testing-library\\dom\\dist\\query-helpers.js:20:35)\n    at getMultipleElementsFoundError (C:\\Users\\Mayank-Pc\\Downloads\\Sooner\\node_modules\\@testing-library\\dom\\dist\\query-helpers.js:23:10)\n    at C:\\Users\\Mayank-Pc\\Downloads\\Sooner\\node_modules\\@testing-library\\dom\\dist\\query-helpers.js:55:13\n    at C:\\Users\\Mayank-Pc\\Downloads\\Sooner\\node_modules\\@testing-library\\dom\\dist\\query-helpers.js:95:19\n    at C:/Users/Mayank-Pc/Downloads/Sooner/src/tests/phases.test.jsx:80:19\n    at file:///C:/Users/Mayank-Pc/Downloads/Sooner/node_modules/@vitest/runner/dist/chunk-artifact.js:302:11\n    at file:///C:/Users/Mayank-Pc/Downloads/Sooner/node_modules/@vitest/runner/dist/chunk-artifact.js:1893:26\n    at file:///C:/Users/Mayank-Pc/Downloads/Sooner/node_modules/@vitest/runner/dist/chunk-artifact.js:2316:20\n    at new Promise (<anonymous>)"],"meta":{},"tags":[]},{"ancestorTitles":["Phase 8 & 10: Concurrency & Idempotency"],"fullName":"Phase 8 & 10: Concurrency & Idempotency should utilize isDuplicateTransaction to block concurrent double-spends","status":"passed","title":"should utilize isDuplicateTransaction to block concurrent double-spends","duration":0.32599999999979445,"failureMessages":[],"meta":{},"tags":[]}],"startTime":1775535842117,"endTime":1775535842175.326,"status":"failed","message":"","name":"C:/Users/Mayank-Pc/Downloads/Sooner/src/tests/phases.test.jsx"},{"assertionResults":[{"ancestorTitles":["Security Utility Tests","Input Validation & Sanitization"],"fullName":"Security Utility Tests Input Validation & Sanitization should strip XSS tags from input","status":"passed","title":"should strip XSS tags from input","duration":2.230399999999918,"failureMessages":[],"meta":{},"tags":[]},{"ancestorTitles":["Security Utility Tests","Input Validation & Sanitization"],"fullName":"Security Utility Tests Input Validation & Sanitization should validate correct emails","status":"passed","title":"should validate correct emails","duration":0.45879999999988286,"failureMessages":[],"meta":{},"tags":[]},{"ancestorTitles":["Security Utility Tests","Input Validation & Sanitization"],"fullName":"Security Utility Tests Input Validation & Sanitization should validate strong passwords","status":"passed","title":"should validate strong passwords","duration":0.48850000000015825,"failureMessages":[],"meta":{},"tags":[]},{"ancestorTitles":["Security Utility Tests","Rate Limiting"],"fullName":"Security Utility Tests Rate Limiting should allow actions within limit","status":"passed","title":"should allow actions within limit","duration":0.5844999999999345,"failureMessages":[],"meta":{},"tags":[]},{"ancestorTitles":["Security Utility Tests","Rate Limiting"],"fullName":"Security Utility Tests Rate Limiting should block actions exceeding limit","status":"passed","title":"should block actions exceeding limit","duration":0.9622000000001663,"failureMessages":[],"meta":{},"tags":[]}],"startTime":1775535841935,"endTime":1775535841939.9622,"status":"passed","message":"","name":"C:/Users/Mayank-Pc/Downloads/Sooner/src/utils/security.test.js"}]}
